[debug] [2025-06-24T05:24:54.257Z] ----------------------------------------------------------------------
[debug] [2025-06-24T05:24:54.261Z] Command:       C:\Program Files\nodejs\node.exe C:\Users\User\AppData\Roaming\npm\node_modules\firebase-tools\lib\bin\firebase.js init
[debug] [2025-06-24T05:24:54.262Z] CLI Version:   14.6.0
[debug] [2025-06-24T05:24:54.262Z] Platform:      win32
[debug] [2025-06-24T05:24:54.262Z] Node Version:  v22.14.0
[debug] [2025-06-24T05:24:54.263Z] Time:          Tue Jun 24 2025 13:24:54 GMT+0800 (Malaysia Time)
[debug] [2025-06-24T05:24:54.263Z] ----------------------------------------------------------------------
[debug] 
[debug] [2025-06-24T05:24:54.266Z] >>> [apiv2][query] GET https://firebase-public.firebaseio.com/cli.json [none]
[debug] [2025-06-24T05:24:54.328Z] > command requires scopes: ["email","openid","https://www.googleapis.com/auth/cloudplatformprojects.readonly","https://www.googleapis.com/auth/firebase","https://www.googleapis.com/auth/cloud-platform"]
[debug] [2025-06-24T05:24:54.329Z] > authorizing via signed-in user (skadisocmed@gmail.com)
[info] 
     ######## #### ########  ######## ########     ###     ######  ########
     ##        ##  ##     ## ##       ##     ##  ##   ##  ##       ##
     ######    ##  ########  ######   ########  #########  ######  ######
     ##        ##  ##    ##  ##       ##     ## ##     ##       ## ##
     ##       #### ##     ## ######## ########  ##     ##  ######  ########

You're about to initialize a Firebase project in this directory:

  C:\Users\User\code\skadisoc\skadisoc

[debug] [2025-06-24T05:24:54.847Z] <<< [apiv2][status] GET https://firebase-public.firebaseio.com/cli.json 200
[debug] [2025-06-24T05:24:54.847Z] <<< [apiv2][body] GET https://firebase-public.firebaseio.com/cli.json {"cloudBuildErrorAfter":1594252800000,"cloudBuildWarnAfter":1590019200000,"defaultNode10After":1594252800000,"minVersion":"3.0.5","node8DeploysDisabledAfter":1613390400000,"node8RuntimeDisabledAfter":1615809600000,"node8WarnAfter":1600128000000}
[info] 
=== Project Setup
[info] 
[info] First, let's associate this project directory with a Firebase project.
[info] You can create multiple project aliases by running firebase use --add, 
[info] but for now we'll just set up a default project.
[info] 
[debug] [2025-06-24T05:25:50.251Z] Checked if tokens are valid: false, expires at: 1750229042164
[debug] [2025-06-24T05:25:50.252Z] Checked if tokens are valid: false, expires at: 1750229042164
[debug] [2025-06-24T05:25:50.252Z] > refreshing access token with scopes: []
[debug] [2025-06-24T05:25:50.254Z] >>> [apiv2][query] POST https://www.googleapis.com/oauth2/v3/token [none]
[debug] [2025-06-24T05:25:50.254Z] >>> [apiv2][body] POST https://www.googleapis.com/oauth2/v3/token [omitted]
[debug] [2025-06-24T05:25:50.386Z] <<< [apiv2][status] POST https://www.googleapis.com/oauth2/v3/token 200
[debug] [2025-06-24T05:25:50.386Z] <<< [apiv2][body] POST https://www.googleapis.com/oauth2/v3/token [omitted]
[debug] [2025-06-24T05:25:50.396Z] >>> [apiv2][query] GET https://firebase.googleapis.com/v1beta1/projects pageSize=100
[debug] [2025-06-24T05:25:50.835Z] <<< [apiv2][status] GET https://firebase.googleapis.com/v1beta1/projects 200
[debug] [2025-06-24T05:25:50.835Z] <<< [apiv2][body] GET https://firebase.googleapis.com/v1beta1/projects [omitted]
[info] i  Using project skadisocmed-954f4 (SkadiSocMed) 
[info] 
=== Functions Setup
[debug] [2025-06-24T05:25:52.247Z] > command requires scopes: ["email","openid","https://www.googleapis.com/auth/cloudplatformprojects.readonly","https://www.googleapis.com/auth/firebase","https://www.googleapis.com/auth/cloud-platform"]
[debug] [2025-06-24T05:25:52.248Z] > authorizing via signed-in user (skadisocmed@gmail.com)
[debug] [2025-06-24T05:25:52.248Z] [iam] checking project skadisocmed-954f4 for permissions ["firebase.projects.get"]
[debug] [2025-06-24T05:25:52.249Z] Checked if tokens are valid: true, expires at: 1750746349386
[debug] [2025-06-24T05:25:52.249Z] Checked if tokens are valid: true, expires at: 1750746349386
[debug] [2025-06-24T05:25:52.249Z] >>> [apiv2][query] POST https://cloudresourcemanager.googleapis.com/v1/projects/skadisocmed-954f4:testIamPermissions [none]
[debug] [2025-06-24T05:25:52.249Z] >>> [apiv2][(partial)header] POST https://cloudresourcemanager.googleapis.com/v1/projects/skadisocmed-954f4:testIamPermissions x-goog-quota-user=projects/skadisocmed-954f4
[debug] [2025-06-24T05:25:52.249Z] >>> [apiv2][body] POST https://cloudresourcemanager.googleapis.com/v1/projects/skadisocmed-954f4:testIamPermissions {"permissions":["firebase.projects.get"]}
[debug] [2025-06-24T05:25:53.381Z] <<< [apiv2][status] POST https://cloudresourcemanager.googleapis.com/v1/projects/skadisocmed-954f4:testIamPermissions 200
[debug] [2025-06-24T05:25:53.381Z] <<< [apiv2][body] POST https://cloudresourcemanager.googleapis.com/v1/projects/skadisocmed-954f4:testIamPermissions {"permissions":["firebase.projects.get"]}
[debug] [2025-06-24T05:25:53.382Z] Checked if tokens are valid: true, expires at: 1750746349386
[debug] [2025-06-24T05:25:53.383Z] Checked if tokens are valid: true, expires at: 1750746349386
[debug] [2025-06-24T05:25:53.383Z] Checked if tokens are valid: true, expires at: 1750746349386
[debug] [2025-06-24T05:25:53.383Z] Checked if tokens are valid: true, expires at: 1750746349386
[debug] [2025-06-24T05:25:53.383Z] >>> [apiv2][query] GET https://serviceusage.googleapis.com/v1/projects/skadisocmed-954f4/services/cloudfunctions.googleapis.com [none]
[debug] [2025-06-24T05:25:53.383Z] >>> [apiv2][(partial)header] GET https://serviceusage.googleapis.com/v1/projects/skadisocmed-954f4/services/cloudfunctions.googleapis.com x-goog-quota-user=projects/skadisocmed-954f4
[debug] [2025-06-24T05:25:53.385Z] >>> [apiv2][query] GET https://serviceusage.googleapis.com/v1/projects/skadisocmed-954f4/services/runtimeconfig.googleapis.com [none]
[debug] [2025-06-24T05:25:53.385Z] >>> [apiv2][(partial)header] GET https://serviceusage.googleapis.com/v1/projects/skadisocmed-954f4/services/runtimeconfig.googleapis.com x-goog-quota-user=projects/skadisocmed-954f4
[debug] [2025-06-24T05:25:54.883Z] <<< [apiv2][status] GET https://serviceusage.googleapis.com/v1/projects/skadisocmed-954f4/services/runtimeconfig.googleapis.com 200
[debug] [2025-06-24T05:25:54.884Z] <<< [apiv2][body] GET https://serviceusage.googleapis.com/v1/projects/skadisocmed-954f4/services/runtimeconfig.googleapis.com [omitted]
[debug] [2025-06-24T05:25:54.895Z] <<< [apiv2][status] GET https://serviceusage.googleapis.com/v1/projects/skadisocmed-954f4/services/cloudfunctions.googleapis.com 200
[debug] [2025-06-24T05:25:54.895Z] <<< [apiv2][body] GET https://serviceusage.googleapis.com/v1/projects/skadisocmed-954f4/services/cloudfunctions.googleapis.com [omitted]
[info] Let's create a new codebase for your functions.
[info] A directory corresponding to the codebase will be created in your project
[info] with sample code pre-configured.

[info] See https://firebase.google.com/docs/functions/organize-functions for
[info] more information on organizing your functions using codebases.

[info] Functions can be deployed with firebase deploy.

[info] +  Wrote functions/package.json 
[info] +  Wrote functions/index.js 
[info] +  Wrote functions/.gitignore 
[debug] [2025-06-24T05:27:12.623Z] ExitPromptError: User force closed the prompt with SIGINT
    at Interface.sigint (C:\Users\User\AppData\Roaming\npm\node_modules\firebase-tools\node_modules\@inquirer\core\dist\commonjs\lib\create-prompt.js:101:37)
    at Interface.emit (node:events:518:28)
    at Interface.emit (node:domain:489:12)
    at [_ttyWrite] [as _ttyWrite] (node:internal/readline/interface:1124:18)
    at ReadStream.onkeypress (node:internal/readline/interface:263:20)
    at ReadStream.emit (node:events:530:35)
    at ReadStream.emit (node:domain:489:12)
    at emitKeys (node:internal/readline/utils:370:14)
    at emitKeys.next (<anonymous>)
    at ReadStream.onData (node:internal/readline/emitKeypressEvents:64:36)
[error] 
[error] Error: An unexpected error has occurred.
